<?xml version="1.0" encoding="UTF-8"?>
<!-- Generated by org.testng.reporters.JUnitReportReporter -->
<testsuite hostname="DESKTOP-G0E75QA" failures="0" tests="2" name="com.eva.vtiger.base.DataProviderConcept" time="0.018" errors="0" timestamp="2024-01-28T15:55:16 IST" skipped="0">
  <testcase classname="com.eva.vtiger.base.DataProviderConcept" name="testMethod" time="0.017"/>
  <system-out/>
  <testcase classname="com.eva.vtiger.base.DataProviderConcept" name="testMethod" time="0.001"/>
  <system-out/>
</testsuite> <!-- com.eva.vtiger.base.DataProviderConcept -->
